Watching for file changes with StatReloader
Performing system checks...

System check identified some issues:

WARNINGS:
todos.Todo: (models.W042) Auto-created primary key used when not defining a primary key type, by default 'django.db.models.AutoField'.
	HINT: Configure the DEFAULT_AUTO_FIELD setting or the TodosConfig.default_auto_field attribute to point to a subclass of AutoField, e.g. 'django.db.models.BigAutoField'.

System check identified 1 issue (0 silenced).
April 26, 2024 - 15:36:14
Django version 4.2.11, using settings 'todoApp.settings'
Starting development server at http://0.0.0.0:8000/
Quit the server with CONTROL-C.

[26/Apr/2024 15:36:20] "GET /todos/ HTTP/1.1" 200 3504
[26/Apr/2024 15:36:31] "POST /todos/add/ HTTP/1.1" 302 0
[26/Apr/2024 15:36:32] "GET /todos/ HTTP/1.1" 200 4083
[26/Apr/2024 15:36:33] "GET /todos/23/delete HTTP/1.1" 302 0
[26/Apr/2024 15:36:34] "GET /todos/ HTTP/1.1" 200 3499
[26/Apr/2024 15:36:37] "POST /todos/add/ HTTP/1.1" 302 0
[26/Apr/2024 15:36:38] "GET /todos/ HTTP/1.1" 200 4080
[26/Apr/2024 15:37:28] "GET /todos/ HTTP/1.1" 200 4080
[26/Apr/2024 15:37:28] "GET /static/css/style.css HTTP/1.1" 304 0
[26/Apr/2024 15:37:29] "GET /todos/ HTTP/1.1" 200 4080
